<?xml version="1.0" encoding="UTF-8"?>
<testsuite name="com.ceiba.adn.taximetrovirtual.aplicacion.mapeador.MapeadorClienteTest" tests="4" skipped="0" failures="0" errors="0" timestamp="2020-01-07T14:30:26" hostname="DIEGO-AVILA" time="0.011">
  <properties/>
  <testcase name="cuandoClienteEsNuloEntoncesRetornaNulo" classname="com.ceiba.adn.taximetrovirtual.aplicacion.mapeador.MapeadorClienteTest" time="0.003"/>
  <testcase name="cuandoClienteOkEntoncesRetornaClienteDTO" classname="com.ceiba.adn.taximetrovirtual.aplicacion.mapeador.MapeadorClienteTest" time="0.007"/>
  <testcase name="cuandoClienteDTOesOkEntoncesRetornaCliente" classname="com.ceiba.adn.taximetrovirtual.aplicacion.mapeador.MapeadorClienteTest" time="0.0"/>
  <testcase name="cuandoClienteDTOEsNuloEntoncesRetornaNulo" classname="com.ceiba.adn.taximetrovirtual.aplicacion.mapeador.MapeadorClienteTest" time="0.0"/>
  <system-out><![CDATA[]]></system-out>
  <system-err><![CDATA[]]></system-err>
</testsuite>
