<?xml version="1.0" encoding="UTF-8"?>
<testsuite name="com.ceiba.adn.taximetrovirtual.dominio.servicio.ValidarDatosTest" tests="2" skipped="0" failures="0" errors="0" timestamp="2020-01-07T14:30:26" hostname="DIEGO-AVILA" time="0.005">
  <properties/>
  <testcase name="cedulaConEspaciosEntreLosNumeros" classname="com.ceiba.adn.taximetrovirtual.dominio.servicio.ValidarDatosTest" time="0.004"/>
  <testcase name="cedulaConCaracteresNoNumericos" classname="com.ceiba.adn.taximetrovirtual.dominio.servicio.ValidarDatosTest" time="0.001"/>
  <system-out><![CDATA[]]></system-out>
  <system-err><![CDATA[]]></system-err>
</testsuite>
