<?xml version="1.0" encoding="UTF-8"?>
<testsuite name="com.ceiba.adn.taximetrovirtual.dominio.servicio.TaximetroTest" tests="7" skipped="0" failures="0" errors="0" timestamp="2020-01-10T16:18:04" hostname="DIEGO-AVILA" time="0.013">
  <properties/>
  <testcase name="calcularCostoDiaTestFinDeSemanaYHorario20a5" classname="com.ceiba.adn.taximetrovirtual.dominio.servicio.TaximetroTest" time="0.007"/>
  <testcase name="calcularCostoTestDiaEntreSemanaYHorarioDe18a20" classname="com.ceiba.adn.taximetrovirtual.dominio.servicio.TaximetroTest" time="0.0"/>
  <testcase name="calcularCostoTestDiaEntreSemanaYHorarioDiurno" classname="com.ceiba.adn.taximetrovirtual.dominio.servicio.TaximetroTest" time="0.0"/>
  <testcase name="calcularCostoDiaTestEntreSemanaYHorarioDe21a5" classname="com.ceiba.adn.taximetrovirtual.dominio.servicio.TaximetroTest" time="0.0"/>
  <testcase name="calcularCostoConFechaInicioYFechaFinalIgualDomingoHorarioDiurno" classname="com.ceiba.adn.taximetrovirtual.dominio.servicio.TaximetroTest" time="0.0"/>
  <testcase name="calcularCostoDiaTestDomingoYHorarioDiurno" classname="com.ceiba.adn.taximetrovirtual.dominio.servicio.TaximetroTest" time="0.001"/>
  <testcase name="calcularCostoDiaTestFinDeSemanaYHorarioDiurno" classname="com.ceiba.adn.taximetrovirtual.dominio.servicio.TaximetroTest" time="0.0"/>
  <system-out><![CDATA[]]></system-out>
  <system-err><![CDATA[]]></system-err>
</testsuite>
