<?xml version="1.0" encoding="UTF-8"?>
<testsuite name="com.ceiba.adn.taximetrovirtual.infraestructura.controlador.ControladorClienteTest" tests="1" skipped="0" failures="0" errors="0" timestamp="2020-01-07T14:30:43" hostname="DIEGO-AVILA" time="1.126">
  <properties/>
  <testcase name="cuandoPeticionCrearClienteYIdNoNuloYNoDuplicadoCorrectaEntoncesDeberiaCrear" classname="com.ceiba.adn.taximetrovirtual.infraestructura.controlador.ControladorClienteTest" time="1.126"/>
  <system-out><![CDATA[09:30:26.335 [Test worker] DEBUG org.springframework.test.annotation.ProfileValueUtils - Retrieved @ProfileValueSourceConfiguration [null] for test class [com.ceiba.adn.taximetrovirtual.infraestructura.controlador.ControladorClienteTest]
09:30:26.336 [Test worker] DEBUG org.springframework.test.annotation.ProfileValueUtils - Retrieved ProfileValueSource type [class org.springframework.test.annotation.SystemProfileValueSource] for class [com.ceiba.adn.taximetrovirtual.infraestructura.controlador.ControladorClienteTest]
09:30:26.336 [Test worker] DEBUG org.springframework.test.annotation.ProfileValueUtils - Retrieved @ProfileValueSourceConfiguration [null] for test class [com.ceiba.adn.taximetrovirtual.infraestructura.controlador.ControladorClienteTest]
09:30:26.336 [Test worker] DEBUG org.springframework.test.annotation.ProfileValueUtils - Retrieved ProfileValueSource type [class org.springframework.test.annotation.SystemProfileValueSource] for class [com.ceiba.adn.taximetrovirtual.infraestructura.controlador.ControladorClienteTest]
09:30:26.351 [Test worker] DEBUG org.springframework.test.context.support.AbstractDirtiesContextTestExecutionListener - Before test class: context [DefaultTestContext@f3efbb testClass = ControladorClienteTest, testInstance = [null], testMethod = [null], testException = [null], mergedContextConfiguration = [WebMergedContextConfiguration@3ebe0df4 testClass = ControladorClienteTest, locations = '{}', classes = '{class com.ceiba.adn.taximetrovirtual.TaximetroVirtualApplication, class com.ceiba.adn.taximetrovirtual.TaximetroVirtualApplication}', contextInitializerClasses = '[]', activeProfiles = '{}', propertySourceLocations = '{classpath:application-test.properties}', propertySourceProperties = '{org.springframework.boot.test.context.SpringBootTestContextBootstrapper=true}', contextCustomizers = set[org.springframework.boot.test.autoconfigure.properties.PropertyMappingContextCustomizer@0, org.springframework.boot.test.autoconfigure.web.servlet.WebDriverContextCustomizerFactory$Customizer@9060791, org.springframework.boot.test.context.filter.ExcludeFilterContextCustomizer@13687493, org.springframework.boot.test.json.DuplicateJsonObjectContextCustomizerFactory$DuplicateJsonObjectContextCustomizer@2455a465, org.springframework.boot.test.mock.mockito.MockitoContextCustomizer@0, org.springframework.boot.test.web.client.TestRestTemplateContextCustomizer@703978d1, org.springframework.test.context.web.socket.MockServerContainerContextCustomizer@3cecd00f], resourceBasePath = 'src/main/webapp', contextLoader = 'org.springframework.boot.test.context.SpringBootContextLoader', parent = [null]], attributes = map['org.springframework.test.context.web.ServletTestExecutionListener.activateListener' -> true]], class annotated with @DirtiesContext [false] with mode [null].
09:30:26.358 [Test worker] DEBUG org.springframework.test.annotation.ProfileValueUtils - Retrieved @ProfileValueSourceConfiguration [null] for test class [com.ceiba.adn.taximetrovirtual.infraestructura.controlador.ControladorClienteTest]
09:30:26.359 [Test worker] DEBUG org.springframework.test.annotation.ProfileValueUtils - Retrieved ProfileValueSource type [class org.springframework.test.annotation.SystemProfileValueSource] for class [com.ceiba.adn.taximetrovirtual.infraestructura.controlador.ControladorClienteTest]
09:30:26.485 [Test worker] DEBUG org.springframework.test.context.support.TestPropertySourceUtils - Adding inlined properties to environment: {spring.jmx.enabled=false, org.springframework.boot.test.context.SpringBootTestContextBootstrapper=true, server.port=-1}

  .   ____          _            __ _ _
 /\\ / ___'_ __ _ _(_)_ __  __ _ \ \ \ \
( ( )\___ | '_ | '_| | '_ \/ _` | \ \ \ \
 \\/  ___)| |_)| | | | | || (_| |  ) ) ) )
  '  |____| .__|_| |_|_| |_\__, | / / / /
 =========|_|==============|___/=/_/_/_/
 :: Spring Boot ::        (v2.2.2.RELEASE)

2020-01-07 09:30:27.781  INFO 13828 --- [    Test worker] c.c.a.t.i.c.ControladorClienteTest       : Starting ControladorClienteTest on DIEGO-AVILA with PID 13828 (started by diego.avila in C:\Users\diego.avila\Documents\proyectos\TaximetroVirtual\TaximetroVirtual)
2020-01-07 09:30:27.785  INFO 13828 --- [    Test worker] c.c.a.t.i.c.ControladorClienteTest       : No active profile set, falling back to default profiles: default
2020-01-07 09:30:31.088  INFO 13828 --- [    Test worker] .s.d.r.c.RepositoryConfigurationDelegate : Bootstrapping Spring Data JPA repositories in DEFAULT mode.
2020-01-07 09:30:31.401  INFO 13828 --- [    Test worker] .s.d.r.c.RepositoryConfigurationDelegate : Finished Spring Data repository scanning in 285ms. Found 3 JPA repository interfaces.
2020-01-07 09:30:32.431  INFO 13828 --- [    Test worker] trationDelegate$BeanPostProcessorChecker : Bean 'org.springframework.transaction.annotation.ProxyTransactionManagementConfiguration' of type [org.springframework.transaction.annotation.ProxyTransactionManagementConfiguration] is not eligible for getting processed by all BeanPostProcessors (for example: not eligible for auto-proxying)
2020-01-07 09:30:33.029  INFO 13828 --- [    Test worker] o.hibernate.jpa.internal.util.LogHelper  : HHH000204: Processing PersistenceUnitInfo [name: default]
2020-01-07 09:30:33.283  INFO 13828 --- [    Test worker] org.hibernate.Version                    : HHH000412: Hibernate Core {5.4.9.Final}
2020-01-07 09:30:33.783  INFO 13828 --- [    Test worker] o.hibernate.annotations.common.Version   : HCANN000001: Hibernate Commons Annotations {5.1.0.Final}
2020-01-07 09:30:34.091  INFO 13828 --- [    Test worker] com.zaxxer.hikari.HikariDataSource       : HikariPool-1 - Starting...
2020-01-07 09:30:35.161  INFO 13828 --- [    Test worker] com.zaxxer.hikari.HikariDataSource       : HikariPool-1 - Start completed.
2020-01-07 09:30:35.255  INFO 13828 --- [    Test worker] org.hibernate.dialect.Dialect            : HHH000400: Using dialect: org.hibernate.dialect.H2Dialect
Hibernate: drop table carrera if exists
Hibernate: drop table cliente if exists
Hibernate: drop table detalle_carrera if exists
Hibernate: drop sequence if exists hibernate_sequence
Hibernate: create sequence hibernate_sequence start with 1 increment by 1
Hibernate: create table carrera (id bigint not null, fecha_inicio timestamp, cliente_id bigint, primary key (id))
Hibernate: create table cliente (id bigint not null, apellido varchar(255), cedula varchar(255), nombre varchar(255), primary key (id))
Hibernate: create table detalle_carrera (id bigint not null, costo decimal(19,2), fecha_fin timestamp, carrera_id bigint, primary key (id))
Hibernate: alter table carrera add constraint FKkouhguu96fxpl8ffhrlerrxhj foreign key (cliente_id) references cliente
Hibernate: alter table detalle_carrera add constraint FKpt3fd5omds7jeekh8sfmn6785 foreign key (carrera_id) references carrera
2020-01-07 09:30:37.436  INFO 13828 --- [    Test worker] o.h.e.t.j.p.i.JtaPlatformInitiator       : HHH000490: Using JtaPlatform implementation: [org.hibernate.engine.transaction.jta.platform.internal.NoJtaPlatform]
2020-01-07 09:30:37.491  INFO 13828 --- [    Test worker] j.LocalContainerEntityManagerFactoryBean : Initialized JPA EntityManagerFactory for persistence unit 'default'
2020-01-07 09:30:39.723  WARN 13828 --- [    Test worker] JpaBaseConfiguration$JpaWebConfiguration : spring.jpa.open-in-view is enabled by default. Therefore, database queries may be performed during view rendering. Explicitly configure spring.jpa.open-in-view to disable this warning
2020-01-07 09:30:40.624  INFO 13828 --- [    Test worker] pertySourcedRequestMappingHandlerMapping : Mapped URL path [/v2/api-docs] onto method [springfox.documentation.swagger2.web.Swagger2Controller#getDocumentation(String, HttpServletRequest)]
2020-01-07 09:30:42.122  INFO 13828 --- [    Test worker] o.s.s.concurrent.ThreadPoolTaskExecutor  : Initializing ExecutorService 'applicationTaskExecutor'
2020-01-07 09:30:42.762  INFO 13828 --- [    Test worker] o.s.b.a.h2.H2ConsoleAutoConfiguration    : H2 console available at '/h2'. Database available at 'jdbc:h2:mem:taximetroVirtual'
2020-01-07 09:30:42.999  INFO 13828 --- [    Test worker] d.s.w.p.DocumentationPluginsBootstrapper : Context refreshed
2020-01-07 09:30:43.084  INFO 13828 --- [    Test worker] d.s.w.p.DocumentationPluginsBootstrapper : Found 1 custom documentation plugin(s)
2020-01-07 09:30:43.177  INFO 13828 --- [    Test worker] s.d.s.w.s.ApiListingReferenceScanner     : Scanning for api listing references
2020-01-07 09:30:43.739  INFO 13828 --- [    Test worker] c.c.a.t.i.c.ControladorClienteTest       : Started ControladorClienteTest in 17.237 seconds (JVM running for 21.605)
2020-01-07 09:30:43.902  INFO 13828 --- [    Test worker] o.s.b.t.m.w.SpringBootMockServletContext : Initializing Spring TestDispatcherServlet ''
2020-01-07 09:30:43.902  INFO 13828 --- [    Test worker] o.s.t.web.servlet.TestDispatcherServlet  : Initializing Servlet ''
2020-01-07 09:30:43.936  INFO 13828 --- [    Test worker] o.s.t.web.servlet.TestDispatcherServlet  : Completed initialization in 34 ms
Hibernate: select clienteent0_.id as col_0_0_ from cliente clienteent0_ where clienteent0_.cedula=? limit ?
Hibernate: select clienteent0_.id as id1_1_0_, clienteent0_.apellido as apellido2_1_0_, clienteent0_.cedula as cedula3_1_0_, clienteent0_.nombre as nombre4_1_0_ from cliente clienteent0_ where clienteent0_.id=?
Hibernate: call next value for hibernate_sequence
Hibernate: insert into cliente (apellido, cedula, nombre, id) values (?, ?, ?, ?)

MockHttpServletRequest:
      HTTP Method = POST
      Request URI = /api/cliente
       Parameters = {}
          Headers = [Content-Type:"application/json", Content-Length:"67"]
             Body = <no character encoding set>
    Session Attrs = {}

Handler:
             Type = com.ceiba.adn.taximetrovirtual.infraestructura.controlador.ControladorCliente
           Method = com.ceiba.adn.taximetrovirtual.infraestructura.controlador.ControladorCliente#crearCliente(ClienteDTO)

Async:
    Async started = false
     Async result = null

Resolved Exception:
             Type = null

ModelAndView:
        View name = null
             View = null
            Model = null

FlashMap:
       Attributes = null

MockHttpServletResponse:
           Status = 201
    Error message = null
          Headers = [Vary:"Origin", "Access-Control-Request-Method", "Access-Control-Request-Headers", Content-Type:"application/json"]
     Content type = application/json
             Body = {"id":1,"cedula":"11088765987","nombre":"Pepe","apellido":"Sierra"}
    Forwarded URL = null
   Redirected URL = null
          Cookies = []
]]></system-out>
  <system-err><![CDATA[]]></system-err>
</testsuite>
