<?xml version="1.0" encoding="UTF-8"?>
<testsuite name="com.ceiba.adn.taximetrovirtual.aplicacion.mapeador.MapeadorDetalleCarreraTest" tests="4" skipped="0" failures="0" errors="0" timestamp="2020-01-07T13:30:45" hostname="DIEGO-AVILA" time="0.007">
  <properties/>
  <testcase name="cuandoDetalleCarreraEsNuloEntoncesRetornaNulo" classname="com.ceiba.adn.taximetrovirtual.aplicacion.mapeador.MapeadorDetalleCarreraTest" time="0.003"/>
  <testcase name="cuandoDetalleCarreraDTOesOkEntoncesRetornaDetalleCarrera" classname="com.ceiba.adn.taximetrovirtual.aplicacion.mapeador.MapeadorDetalleCarreraTest" time="0.001"/>
  <testcase name="cuandoDetalleCarreraDTOEsNuloEntoncesRetornaNulo" classname="com.ceiba.adn.taximetrovirtual.aplicacion.mapeador.MapeadorDetalleCarreraTest" time="0.0"/>
  <testcase name="cuandoDetalleCarreraOkEntoncesRetornaDetalleCarreraDTO" classname="com.ceiba.adn.taximetrovirtual.aplicacion.mapeador.MapeadorDetalleCarreraTest" time="0.0"/>
  <system-out><![CDATA[]]></system-out>
  <system-err><![CDATA[]]></system-err>
</testsuite>
