<?xml version="1.0" encoding="UTF-8"?>
<testsuite name="com.ceiba.adn.taximetrovirtual.infraestructura.mapeador.MapeadorCarreraEntidadTest" tests="4" skipped="0" failures="0" errors="0" timestamp="2020-01-07T14:30:44" hostname="DIEGO-AVILA" time="0.004">
  <properties/>
  <testcase name="cuandoEntidadCarreraEsNullEntoncesRetornaNull" classname="com.ceiba.adn.taximetrovirtual.infraestructura.mapeador.MapeadorCarreraEntidadTest" time="0.002"/>
  <testcase name="cuandoCarreraOkEntoncesRetornaCarreraEntidad" classname="com.ceiba.adn.taximetrovirtual.infraestructura.mapeador.MapeadorCarreraEntidadTest" time="0.001"/>
  <testcase name="cuandoEntidadCarreraEsOkEntoncesRetornaCarrera" classname="com.ceiba.adn.taximetrovirtual.infraestructura.mapeador.MapeadorCarreraEntidadTest" time="0.0"/>
  <testcase name="cuandoCarreraEsNullEntoncesRetornaNull" classname="com.ceiba.adn.taximetrovirtual.infraestructura.mapeador.MapeadorCarreraEntidadTest" time="0.001"/>
  <system-out><![CDATA[]]></system-out>
  <system-err><![CDATA[]]></system-err>
</testsuite>
