<?xml version="1.0" encoding="UTF-8"?>
<testsuite name="com.ceiba.adn.taximetrovirtual.infraestructura.mapeador.MapeadorClienteEntidadTest" tests="4" skipped="0" failures="0" errors="0" timestamp="2020-01-07T13:31:02" hostname="DIEGO-AVILA" time="0.002">
  <properties/>
  <testcase name="cuandoClienteEsNullEntoncesRetornaNull" classname="com.ceiba.adn.taximetrovirtual.infraestructura.mapeador.MapeadorClienteEntidadTest" time="0.0"/>
  <testcase name="cuandoEntidadClienteEsOkEntoncesRetornaCliente" classname="com.ceiba.adn.taximetrovirtual.infraestructura.mapeador.MapeadorClienteEntidadTest" time="0.0"/>
  <testcase name="cuandoClienteOkEntoncesRetornaClienteEntidad" classname="com.ceiba.adn.taximetrovirtual.infraestructura.mapeador.MapeadorClienteEntidadTest" time="0.0"/>
  <testcase name="cuandoEntidadClienteEsNullEntoncesRetornaNull" classname="com.ceiba.adn.taximetrovirtual.infraestructura.mapeador.MapeadorClienteEntidadTest" time="0.0"/>
  <system-out><![CDATA[]]></system-out>
  <system-err><![CDATA[]]></system-err>
</testsuite>
