<?xml version="1.0" encoding="UTF-8"?>
<testsuite name="com.ceiba.adn.taximetrovirtual.infraestructura.mapeador.MapeadorDetalleCarreraEntidadTest" tests="4" skipped="0" failures="0" errors="0" timestamp="2020-01-10T16:18:23" hostname="DIEGO-AVILA" time="0.001">
  <properties/>
  <testcase name="cuandoEntidadDetalleCarreraEsNullEntoncesRetornaNull" classname="com.ceiba.adn.taximetrovirtual.infraestructura.mapeador.MapeadorDetalleCarreraEntidadTest" time="0.0"/>
  <testcase name="cuandoDetalleCarreraEsNullEntoncesRetornaNull" classname="com.ceiba.adn.taximetrovirtual.infraestructura.mapeador.MapeadorDetalleCarreraEntidadTest" time="0.0"/>
  <testcase name="cuandoDetalleCarreraOkEntoncesRetornaDetalleCarreraEntidad" classname="com.ceiba.adn.taximetrovirtual.infraestructura.mapeador.MapeadorDetalleCarreraEntidadTest" time="0.0"/>
  <testcase name="cuandoEntidadDetalleCarreraEsOkEntoncesRetornaDetalleCarrera" classname="com.ceiba.adn.taximetrovirtual.infraestructura.mapeador.MapeadorDetalleCarreraEntidadTest" time="0.0"/>
  <system-out><![CDATA[]]></system-out>
  <system-err><![CDATA[]]></system-err>
</testsuite>
