<?xml version="1.0" encoding="UTF-8"?>
<testsuite name="com.ceiba.adn.taximetrovirtual.aplicacion.mapeador.MapeadorClienteTest" tests="4" skipped="0" failures="0" errors="0" timestamp="2020-01-10T16:18:04" hostname="DIEGO-AVILA" time="0.123">
  <properties/>
  <testcase name="cuandoClienteEsNuloEntoncesRetornaNulo" classname="com.ceiba.adn.taximetrovirtual.aplicacion.mapeador.MapeadorClienteTest" time="0.002"/>
  <testcase name="cuandoClienteOkEntoncesRetornaClienteDTO" classname="com.ceiba.adn.taximetrovirtual.aplicacion.mapeador.MapeadorClienteTest" time="0.12"/>
  <testcase name="cuandoClienteDTOesOkEntoncesRetornaCliente" classname="com.ceiba.adn.taximetrovirtual.aplicacion.mapeador.MapeadorClienteTest" time="0.001"/>
  <testcase name="cuandoClienteDTOEsNuloEntoncesRetornaNulo" classname="com.ceiba.adn.taximetrovirtual.aplicacion.mapeador.MapeadorClienteTest" time="0.0"/>
  <system-out><![CDATA[]]></system-out>
  <system-err><![CDATA[]]></system-err>
</testsuite>
