<?xml version="1.0" encoding="UTF-8"?>
<testsuite name="com.ceiba.adn.taximetrovirtual.dominio.servicio.ValidarFechasTest" tests="1" skipped="0" failures="0" errors="0" timestamp="2020-01-07T13:30:45" hostname="DIEGO-AVILA" time="0.005">
  <properties/>
  <testcase name="fechaFinalInferiorAFechaInicial" classname="com.ceiba.adn.taximetrovirtual.dominio.servicio.ValidarFechasTest" time="0.005"/>
  <system-out><![CDATA[]]></system-out>
  <system-err><![CDATA[]]></system-err>
</testsuite>
